\BOOKMARK [1][-]{section.1}{Executive Summary}{}% 1
\BOOKMARK [2][-]{subsection.1.1}{Introduction}{section.1}% 2
\BOOKMARK [2][-]{subsection.1.2}{Project Goal}{section.1}% 3
\BOOKMARK [2][-]{subsection.1.3}{Functional Description}{section.1}% 4
\BOOKMARK [1][-]{section.2}{Conceptual Model}{}% 5
\BOOKMARK [2][-]{subsection.2.1}{Initial Database Model}{section.2}% 6
\BOOKMARK [1][-]{section.3}{Object Model Diagrams}{}% 7
\BOOKMARK [2][-]{subsection.3.1}{Database Tables}{section.3}% 8
\BOOKMARK [3][-]{subsubsection.3.1.1}{Brand}{subsection.3.1}% 9
\BOOKMARK [3][-]{subsubsection.3.1.2}{Country}{subsection.3.1}% 10
\BOOKMARK [3][-]{subsubsection.3.1.3}{Customer}{subsection.3.1}% 11
\BOOKMARK [3][-]{subsubsection.3.1.4}{Customer Type}{subsection.3.1}% 12
\BOOKMARK [3][-]{subsubsection.3.1.5}{Delivery}{subsection.3.1}% 13
\BOOKMARK [3][-]{subsubsection.3.1.6}{Orders}{subsection.3.1}% 14
\BOOKMARK [3][-]{subsubsection.3.1.7}{Product}{subsection.3.1}% 15
\BOOKMARK [3][-]{subsubsection.3.1.8}{Product Category}{subsection.3.1}% 16
\BOOKMARK [3][-]{subsubsection.3.1.9}{Product Type}{subsection.3.1}% 17
\BOOKMARK [3][-]{subsubsection.3.1.10}{User}{subsection.3.1}% 18
\BOOKMARK [3][-]{subsubsection.3.1.11}{User Type}{subsection.3.1}% 19
\BOOKMARK [2][-]{subsection.3.2}{Schema Diagram}{section.3}% 20
\BOOKMARK [2][-]{subsection.3.3}{Database Index}{section.3}% 21
\BOOKMARK [1][-]{section.4}{Used Technology}{}% 22
\BOOKMARK [1][-]{section.5}{SQL Statements}{}% 23
\BOOKMARK [2][-]{subsection.5.1}{Table Creation}{section.5}% 24
\BOOKMARK [2][-]{subsection.5.2}{Index Creation}{section.5}% 25
\BOOKMARK [1][-]{section.6}{Conclusion}{}% 26
\BOOKMARK [1][-]{section.7}{Future Enhancement}{}% 27
\BOOKMARK [1][-]{section*.22}{References}{}% 28
